-1.227001428604125977e+00
-1.256590962409973145e+00
-1.247274875640869141e+00
-1.249000072479248047e+00
-1.239476680755615234e+00
-1.264171361923217773e+00
-1.255201816558837891e+00
-1.261937022209167480e+00
-1.290682435035705566e+00
-1.291248679161071777e+00
-1.285554289817810059e+00
-1.304579019546508789e+00
-1.293951392173767090e+00
-1.287963390350341797e+00
-1.301701068878173828e+00
-1.267415761947631836e+00
-1.276411533355712891e+00
-1.303358674049377441e+00
-1.291231274604797363e+00
-1.297971487045288086e+00
-1.303952097892761230e+00
-1.293173074722290039e+00
-1.316174387931823730e+00
-1.323295235633850098e+00
-1.263289928436279297e+00
-1.196703672409057617e+00
-1.199785947799682617e+00
-1.153325438499450684e+00
-1.156970024108886719e+00
-1.131033182144165039e+00
-1.115719556808471680e+00
-1.111317157745361328e+00
-1.070006132125854492e+00
-1.057926893234252930e+00
-1.022303342819213867e+00
-1.003636240959167480e+00
-9.680748581886291504e-01
-9.696990847587585449e-01
-9.774520397186279297e-01
-9.738193154335021973e-01
-9.835064411163330078e-01
-1.027544260025024414e+00
-1.004231214523315430e+00
-9.436461329460144043e-01
-9.633100628852844238e-01
-9.646987318992614746e-01
-9.714172482490539551e-01
-1.000584840774536133e+00
-1.001786589622497559e+00
-9.747888445854187012e-01
-9.770102500915527344e-01
-9.779921770095825195e-01
-1.000485658645629883e+00
-1.024340629577636719e+00
-1.062471866607666016e+00
-1.027874708175659180e+00
-1.077897310256958008e+00
-1.062404870986938477e+00
-1.037661790847778320e+00
-1.069789648056030273e+00
-1.041283726692199707e+00
-9.796435236930847168e-01
-9.964283704757690430e-01
-1.014275789260864258e+00
-1.029020071029663086e+00
-1.010316848754882812e+00
-1.005786538124084473e+00
-9.794681072235107422e-01
-1.007187128067016602e+00
-1.009695172309875488e+00
-1.039804816246032715e+00
-1.045976281166076660e+00
-1.034816861152648926e+00
-1.023110866546630859e+00
-1.000808000564575195e+00
-1.016762375831604004e+00
-1.023010730743408203e+00
-1.004446864128112793e+00
-1.026306152343750000e+00
-9.969328045845031738e-01
-1.046030879020690918e+00
-1.048217892646789551e+00
-1.007207393646240234e+00
-1.019430994987487793e+00
-1.060485959053039551e+00
-1.065806984901428223e+00
-1.070038437843322754e+00
-1.083207368850708008e+00
-1.042567491531372070e+00
-9.878877401351928711e-01
-9.965769648551940918e-01
-1.000317335128784180e+00
-1.029788374900817871e+00
-1.036609768867492676e+00
-1.017823696136474609e+00
-1.034372091293334961e+00
-9.385739564895629883e-01
-9.357345700263977051e-01
-9.508556127548217773e-01
-9.373630285263061523e-01
-9.534565806388854980e-01
-9.619982838630676270e-01
-9.761325716972351074e-01
-1.023327827453613281e+00
-1.025495290756225586e+00
-1.007986545562744141e+00
-1.005951881408691406e+00
-9.581846594810485840e-01
-9.303723573684692383e-01
-9.042662382125854492e-01
-8.751246929168701172e-01
-8.574020266532897949e-01
-7.829060554504394531e-01
-7.343914508819580078e-01
-7.349437475204467773e-01
-6.970561742782592773e-01
-6.399915218353271484e-01
-5.667969584465026855e-01
-4.272885024547576904e-01
-2.135840952396392822e-01
2.797076702117919922e-01
5.779331326484680176e-01
7.490198612213134766e-01
8.797945976257324219e-01
1.002386689186096191e+00
1.073158025741577148e+00
1.137395381927490234e+00
1.184329628944396973e+00
1.242488861083984375e+00
1.269606351852416992e+00
1.294795989990234375e+00
1.381221294403076172e+00
1.422011017799377441e+00
1.433131694793701172e+00
1.422880887985229492e+00
1.397168517112731934e+00
1.207757830619812012e+00
1.151804685592651367e+00
1.234511375427246094e+00
1.241236686706542969e+00
1.204201936721801758e+00
1.191478013992309570e+00
1.274744272232055664e+00
1.385198116302490234e+00
1.365057587623596191e+00
1.387001752853393555e+00
1.415254950523376465e+00
1.407476782798767090e+00
1.402427554130554199e+00
1.375570535659790039e+00
1.210853576660156250e+00
1.065412878990173340e+00
1.069659233093261719e+00
1.131188035011291504e+00
1.131497979164123535e+00
1.079062938690185547e+00
1.055404543876647949e+00
1.038920521736145020e+00
9.603691697120666504e-01
9.174875617027282715e-01
9.170530438423156738e-01
9.170041680335998535e-01
8.393980264663696289e-01
8.966560363769531250e-01
8.302945494651794434e-01
7.821142077445983887e-01
7.407206892967224121e-01
6.525464653968811035e-01
5.519922375679016113e-01
5.832560658454895020e-01
6.925522685050964355e-01
7.340871691703796387e-01
6.897745132446289062e-01
6.605027318000793457e-01
6.764279007911682129e-01
6.694057583808898926e-01
6.558923721313476562e-01
6.359254121780395508e-01
6.053128242492675781e-01
6.100565195083618164e-01
4.616206586360931396e-01
4.073400795459747314e-01
2.630595266819000244e-01
8.720199763774871826e-02
6.436072289943695068e-02
7.873255014419555664e-02
1.002158895134925842e-01
1.044236943125724792e-01
8.678122609853744507e-02
8.436416834592819214e-02
4.459314793348312378e-02
3.851823508739471436e-02
2.523119747638702393e-02
3.962752968072891235e-02
-5.156527459621429443e-02
1.079960167407989502e-02
-1.431518793106079102e-02
-1.261756569147109985e-02
-6.418356299400329590e-02
-6.858035176992416382e-02
-2.372387200593948364e-01
-2.328623235225677490e-01
-1.629038751125335693e-01
-1.231791153550148010e-01
-1.413850039243698120e-01
-1.627508103847503662e-01
-5.544109642505645752e-02
-3.275584429502487183e-02
-4.940864443778991699e-02
-1.888789236545562744e-02
-9.133890271186828613e-03
-1.051505655050277710e-02
3.219963610172271729e-02
7.937031984329223633e-02
1.335940957069396973e-01
2.667694985866546631e-01
6.370154023170471191e-01
9.469872117042541504e-01
1.046562075614929199e+00
1.150150895118713379e+00
1.266036033630371094e+00
1.309139132499694824e+00
1.327166080474853516e+00
1.364933252334594727e+00
1.359693408012390137e+00
1.385040044784545898e+00
1.353720068931579590e+00
1.501251578330993652e+00
1.516415119171142578e+00
1.516504049301147461e+00
1.524746060371398926e+00
1.463443279266357422e+00
1.243445873260498047e+00
1.203768730163574219e+00
1.238274335861206055e+00
1.279913544654846191e+00
1.220554590225219727e+00
1.204053640365600586e+00
1.351477742195129395e+00
1.422751665115356445e+00
1.425288081169128418e+00
1.426059603691101074e+00
1.426555037498474121e+00
1.452691555023193359e+00
1.411450028419494629e+00
1.364056587219238281e+00
1.242842078208923340e+00
1.087123274803161621e+00
1.099898099899291992e+00
1.160522222518920898e+00
1.175150394439697266e+00
1.122277021408081055e+00
1.091924548149108887e+00
1.054531931877136230e+00
1.005328655242919922e+00
9.515594244003295898e-01
9.346649646759033203e-01
9.240192770957946777e-01
8.716859817504882812e-01
9.241802096366882324e-01
8.884193301200866699e-01
8.156946301460266113e-01
7.663739919662475586e-01
7.019140720367431641e-01
6.209456324577331543e-01
6.476009488105773926e-01
7.642819881439208984e-01
7.930061817169189453e-01
7.656823992729187012e-01
6.748423576354980469e-01
7.414567470550537109e-01
7.466042637825012207e-01
6.934536099433898926e-01
6.788847446441650391e-01
6.797745227813720703e-01
6.314644813537597656e-01
5.744856595993041992e-01
4.924614131450653076e-01
3.114111423492431641e-01
1.189417392015457153e-01
1.208904683589935303e-01
1.658830493688583374e-01
1.868201792240142822e-01
1.574078500270843506e-01
1.679459512233734131e-01
1.383910477161407471e-01
1.419785320758819580e-01
1.372623592615127563e-01
8.300127089023590088e-02
8.992628008127212524e-02
-5.908384919166564941e-03
6.949779391288757324e-02
3.455759584903717041e-02
3.290396928787231445e-02
-1.555675268173217773e-02
-1.334479451179504395e-02
-1.701194643974304199e-01
-1.853634715080261230e-01
-1.033466309309005737e-01
-8.382805436849594116e-02
-1.013550236821174622e-01
-1.123805195093154907e-01
-7.389754056930541992e-03
9.230524301528930664e-03
-1.651436090469360352e-03
1.176808774471282959e-02
3.444598615169525146e-02
3.849419206380844116e-02
8.235554397106170654e-02
1.268143504858016968e-01
1.738598644733428955e-01
3.107212483882904053e-01
6.822913289070129395e-01
9.822962284088134766e-01
1.096345186233520508e+00
1.196494698524475098e+00
1.311142802238464355e+00
1.361590266227722168e+00
1.403292059898376465e+00
1.409098029136657715e+00
1.414838314056396484e+00
1.434247612953186035e+00
1.409092187881469727e+00
1.544799923896789551e+00
1.553466439247131348e+00
1.558897495269775391e+00
1.579933404922485352e+00
1.509727001190185547e+00
1.284135103225708008e+00
1.235321521759033203e+00
1.299846887588500977e+00
1.323889374732971191e+00
1.252166271209716797e+00
1.243973851203918457e+00
1.384911894798278809e+00
1.434749603271484375e+00
1.435864686965942383e+00
1.442308902740478516e+00
1.438525557518005371e+00
1.453774452209472656e+00
1.423552632331848145e+00
1.350063562393188477e+00
1.224489212036132812e+00
1.075081467628479004e+00
1.083444118499755859e+00
1.139454841613769531e+00
1.137860178947448730e+00
1.087119579315185547e+00
1.058479428291320801e+00
1.022034883499145508e+00
9.726113677024841309e-01
9.565806388854980469e-01
9.200254082679748535e-01
9.172931909561157227e-01
8.578903675079345703e-01
9.005662202835083008e-01
8.724595308303833008e-01
8.231538534164428711e-01
7.626969814300537109e-01
6.953634023666381836e-01
6.147279739379882812e-01
6.543997526168823242e-01
7.542526125907897949e-01
7.589637041091918945e-01
7.447588443756103516e-01
6.634363532066345215e-01
7.297238111495971680e-01
7.226771712303161621e-01
6.733211278915405273e-01
6.604042053222656250e-01
6.465299725532531738e-01
5.961236357688903809e-01
5.274500250816345215e-01
4.323802888393402100e-01
2.488639056682586670e-01
7.612673938274383545e-02
3.942408040165901184e-02
9.363807737827301025e-02
9.995231777429580688e-02
7.146912068128585815e-02
6.627049297094345093e-02
5.968222767114639282e-02
5.213182419538497925e-02
3.932113945484161377e-02
1.111611276865005493e-01
1.243139877915382385e-01
1.558023691177368164e-02
1.024363040924072266e-01
6.672801077365875244e-02
6.288039684295654297e-02
1.917669177055358887e-02
2.083009481430053711e-02
-1.333395093679428101e-01
-1.548624038696289062e-01
-7.427150011062622070e-02
-5.685694515705108643e-02
-7.554664462804794312e-02
-7.731424272060394287e-02
2.163954079151153564e-02
4.023346304893493652e-02
2.670976519584655762e-02
3.364072740077972412e-02
6.258226931095123291e-02
5.948507040739059448e-02
9.825681149959564209e-02
1.457417309284210205e-01
1.892811954021453857e-01
3.261817693710327148e-01
6.884490847587585449e-01
9.868642687797546387e-01
1.103422284126281738e+00
1.205033779144287109e+00
1.312033176422119141e+00
1.364748835563659668e+00
1.405407547950744629e+00
1.412598252296447754e+00
1.416377305984497070e+00
1.435499668121337891e+00
1.419525623321533203e+00
1.553330540657043457e+00
1.552432298660278320e+00
1.573664665222167969e+00
1.589538097381591797e+00
1.511760711669921875e+00
1.298994660377502441e+00
1.248171091079711914e+00
1.295299291610717773e+00
1.326670527458190918e+00
1.245923995971679688e+00
1.239667057991027832e+00
1.378691434860229492e+00
1.433382034301757812e+00
1.434170365333557129e+00
1.434952616691589355e+00
1.429793119430541992e+00
1.443914294242858887e+00
1.419739842414855957e+00
1.340680837631225586e+00
1.215979576110839844e+00
1.075548410415649414e+00
1.075870037078857422e+00
1.132713675498962402e+00
1.128420591354370117e+00
1.085128068923950195e+00
1.041979193687438965e+00
1.023417115211486816e+00
9.704675078392028809e-01
9.493507742881774902e-01
9.152182936668395996e-01
9.115555286407470703e-01
8.505944609642028809e-01
8.968630433082580566e-01
8.701727390289306641e-01
8.294541239738464355e-01
7.603150010108947754e-01
6.908329725265502930e-01
6.108702421188354492e-01
6.591489315032958984e-01
7.509262561798095703e-01
7.545218467712402344e-01
7.408121824264526367e-01
6.628078222274780273e-01
7.182343006134033203e-01
7.104802131652832031e-01
6.826443076133728027e-01
6.508660912513732910e-01
6.448090076446533203e-01
5.921335220336914062e-01
5.209814310073852539e-01
4.297841787338256836e-01
2.471122145652770996e-01
7.789763808250427246e-02
3.255142644047737122e-02
8.904071152210235596e-02
8.731820434331893921e-02
6.269707530736923218e-02
5.822292715311050415e-02
5.812183767557144165e-02
3.156486898660659790e-02
2.825817465782165527e-02
9.739781916141510010e-02
1.042596474289894104e-01
1.159991323947906494e-02
7.644121348857879639e-02
6.041449308395385742e-02
5.403022468090057373e-02
2.061110734939575195e-02
-2.443641424179077148e-04
-1.511343717575073242e-01
-1.460439711809158325e-01
-8.350297063589096069e-02
-7.186664640903472900e-02
-6.886444985866546631e-02
-1.005654409527778625e-01
-8.357033133506774902e-03
2.126471698284149170e-02
2.564445137977600098e-02
2.461904287338256836e-02
3.810107707977294922e-02
4.375996440649032593e-02
6.753772497177124023e-02
1.101098805665969849e-01
1.758522391319274902e-01
2.798930704593658447e-01
6.253719329833984375e-01
9.008818864822387695e-01
1.005052089691162109e+00
1.085343599319458008e+00
1.225316047668457031e+00
1.249983549118041992e+00
1.291069865226745605e+00
1.313253998756408691e+00
1.328920602798461914e+00
1.344832301139831543e+00
1.335028171539306641e+00
1.439280748367309570e+00
1.456772327423095703e+00
1.447960615158081055e+00
1.461884140968322754e+00
1.389618277549743652e+00
1.196547031402587891e+00
1.147292613983154297e+00
1.193625688552856445e+00
1.193574070930480957e+00
1.163916110992431641e+00
1.124985218048095703e+00
1.261969804763793945e+00
1.326603174209594727e+00
1.337791204452514648e+00
1.314476966857910156e+00
1.306006431579589844e+00
1.309379696846008301e+00
1.283173441886901855e+00
1.214463233947753906e+00
1.091760158538818359e+00
9.424302577972412109e-01
9.463729858398437500e-01
9.884753227233886719e-01
9.814881086349487305e-01
9.281949400901794434e-01
8.964983224868774414e-01
8.768299818038940430e-01
8.398402333259582520e-01
8.090735077857971191e-01
7.692147493362426758e-01
7.619870901107788086e-01
7.282329797744750977e-01
7.587288022041320801e-01
7.454178333282470703e-01
7.143722772598266602e-01
6.342573761940002441e-01
5.985939502716064453e-01
4.947047233581542969e-01
5.440579652786254883e-01
6.397738456726074219e-01
6.331908106803894043e-01
6.114597916603088379e-01
5.331061482429504395e-01
5.950179696083068848e-01
5.919057130813598633e-01
5.328161120414733887e-01
5.152894854545593262e-01
4.962870180606842041e-01
4.630976021289825439e-01
3.846285045146942139e-01
2.937567234039306641e-01
1.259510070085525513e-01
-5.096861720085144043e-02
-8.291378617286682129e-02
-5.999645590782165527e-02
-6.591293960809707642e-02
-7.824186980724334717e-02
-9.591444581747055054e-02
-1.010496318340301514e-01
-1.115521341562271118e-01
-1.273408681154251099e-01
-3.851622343063354492e-01
-4.135043323040008545e-01
-4.527731537818908691e-01
-4.457963109016418457e-01
-4.588388204574584961e-01
-4.785913527011871338e-01
-5.244421362876892090e-01
-5.378403067588806152e-01
-5.964164733886718750e-01
-5.654363632202148438e-01
-5.403142571449279785e-01
-5.753061175346374512e-01
-5.442405343055725098e-01
-5.730046033859252930e-01
-5.678959488868713379e-01
-5.354547500610351562e-01
-5.171813964843750000e-01
-5.322542190551757812e-01
-5.107107162475585938e-01
-5.336415767669677734e-01
-5.172358155250549316e-01
-5.273290276527404785e-01
-5.232478380203247070e-01
-5.607889890670776367e-01
-4.404734969139099121e-01
-3.078166246414184570e-01
-2.787243127822875977e-01
-2.445976287126541138e-01
-2.205570787191390991e-01
-1.931540369987487793e-01
-1.564528942108154297e-01
-1.658055335283279419e-01
-1.333024799823760986e-01
-9.637577086687088013e-02
-6.964193284511566162e-02
-3.700426220893859863e-02
-1.467480510473251343e-02
-6.789833307266235352e-03
-4.286587238311767578e-02
-5.674478411674499512e-02
-1.726986169815063477e-01
-1.831601858139038086e-01
-1.405818760395050049e-01
-1.722496151924133301e-01
-1.592625975608825684e-01
-1.374057680368423462e-01
-1.320677101612091064e-01
-8.597165346145629883e-02
-1.235283166170120239e-01
-1.078034788370132446e-01
-1.527565717697143555e-01
-2.101979702711105347e-01
-2.101140767335891724e-01
-2.832083702087402344e-01
-3.636656403541564941e-01
-4.909307956695556641e-01
-5.225442647933959961e-01
-4.848589599132537842e-01
-5.226511359214782715e-01
-5.514157414436340332e-01
-5.874744653701782227e-01
-5.397325754165649414e-01
-5.741180777549743652e-01
-5.620352029800415039e-01
-5.751705765724182129e-01
-5.677402615547180176e-01
-5.832329988479614258e-01
-5.766559839248657227e-01
-5.839703083038330078e-01
-5.929231643676757812e-01
-6.668680906295776367e-01
-6.855481863021850586e-01
-6.534581184387207031e-01
-6.279467940330505371e-01
-6.686210036277770996e-01
-6.310772299766540527e-01
-6.575995087623596191e-01
-6.759368777275085449e-01
-6.755850315093994141e-01
-6.854054927825927734e-01
-7.482464909553527832e-01
-7.469604611396789551e-01
-7.931168675422668457e-01
-7.924835681915283203e-01
-8.725910186767578125e-01
-9.364593029022216797e-01
-9.911919236183166504e-01
-1.048587203025817871e+00
-1.067625761032104492e+00
-1.113892197608947754e+00
-1.107294201850891113e+00
-1.101131081581115723e+00
-1.118307471275329590e+00
-1.103786945343017578e+00
-1.150223731994628906e+00
-1.142397761344909668e+00
-1.118094563484191895e+00
-1.068853974342346191e+00
-1.155242443084716797e+00
-1.072882056236267090e+00
-1.163876295089721680e+00
-1.132166624069213867e+00
-1.150361061096191406e+00
-1.144354343414306641e+00
-1.203087687492370605e+00
-1.176224350929260254e+00
-1.212723493576049805e+00
-1.222221016883850098e+00
-1.240927457809448242e+00
-1.234898805618286133e+00
-1.161994218826293945e+00
-1.171035289764404297e+00
-1.186718702316284180e+00
-1.220027923583984375e+00
-1.145813822746276855e+00
-1.220308780670166016e+00
-1.246757507324218750e+00
-1.213550806045532227e+00
-1.215085983276367188e+00
-1.277818083763122559e+00
-1.137662172317504883e+00
-1.025617361068725586e+00
-1.068491578102111816e+00
-1.035337567329406738e+00
-9.603139162063598633e-01
-9.898427724838256836e-01
-9.537330865859985352e-01
-9.600582718849182129e-01
-9.574573636054992676e-01
-9.553633928298950195e-01
-8.420087099075317383e-01
-8.143418431282043457e-01
-8.046330809593200684e-01
-7.759440541267395020e-01
-7.410761713981628418e-01
-8.033731579780578613e-01
-8.600342273712158203e-01
-8.272740840911865234e-01
-8.559002280235290527e-01
-8.751571178436279297e-01
-8.777413964271545410e-01
-8.431709408760070801e-01
-8.134317398071289062e-01
-8.285747766494750977e-01
-8.337326049804687500e-01
-8.170871138572692871e-01
-8.071891069412231445e-01
-8.825191259384155273e-01
-9.295611977577209473e-01
-9.501041769981384277e-01
-9.774485826492309570e-01
-1.065311074256896973e+00
-1.056073546409606934e+00
-1.080047488212585449e+00
-1.035299420356750488e+00
-1.097670793533325195e+00
-1.103523612022399902e+00
-1.094524502754211426e+00
-1.057996630668640137e+00
-1.174134731292724609e+00
-1.077659845352172852e+00
-1.148516654968261719e+00
-1.167248129844665527e+00
-1.152578711509704590e+00
-1.177894115447998047e+00
-1.207451581954956055e+00
-1.229518413543701172e+00
-1.280061841011047363e+00
-1.215730428695678711e+00
-1.188223838806152344e+00
-1.213299393653869629e+00
-1.201333999633789062e+00
-1.204100489616394043e+00
-1.237370491027832031e+00
-1.251371026039123535e+00
-1.231105685234069824e+00
-1.248099684715270996e+00
-1.261601686477661133e+00
-1.221230506896972656e+00
-1.211478710174560547e+00
-1.251688718795776367e+00
-1.374455571174621582e+00
-1.373618602752685547e+00
-1.433474898338317871e+00
-1.455473661422729492e+00
-1.406647205352783203e+00
-1.480317711830139160e+00
-1.482478260993957520e+00
-1.455916523933410645e+00
-1.482533454895019531e+00
-1.542211651802062988e+00
-1.505431652069091797e+00
-8.668393492698669434e-01
-8.614070415496826172e-01
-7.920109629631042480e-01
-8.406397104263305664e-01
-8.542163968086242676e-01
-8.360798358917236328e-01
-8.753532171249389648e-01
-9.110810756683349609e-01
-9.451932907104492188e-01
-8.993868827819824219e-01
-8.917143344879150391e-01
-8.249307870864868164e-01
-8.319416046142578125e-01
-8.102167248725891113e-01
-7.526919841766357422e-01
-7.631412744522094727e-01
-6.596831679344177246e-01
-5.994516611099243164e-01
-6.149024367332458496e-01
-5.664015412330627441e-01
-5.139538645744323730e-01
-4.348635375499725342e-01
-3.147506713867187500e-01
-8.059535175561904907e-02
4.099348485469818115e-01
7.302598953247070312e-01
8.948747515678405762e-01
1.068803429603576660e+00
1.177927136421203613e+00
1.248358607292175293e+00
1.294112443923950195e+00
1.370389819145202637e+00
1.421131134033203125e+00
1.471142768859863281e+00
1.440906763076782227e+00
1.595878481864929199e+00
1.605069875717163086e+00
1.616205453872680664e+00
1.575683712959289551e+00
1.608144044876098633e+00
1.381904840469360352e+00
1.344295263290405273e+00
1.404380083084106445e+00
1.408961296081542969e+00
1.370986461639404297e+00
1.348171234130859375e+00
1.457490086555480957e+00
1.576805114746093750e+00
1.547266125679016113e+00
1.572046399116516113e+00
1.563723087310791016e+00
1.610385537147521973e+00
1.570894718170166016e+00
1.578881502151489258e+00
1.428058624267578125e+00
1.257303237915039062e+00
1.234704613685607910e+00
1.339352965354919434e+00
1.300353884696960449e+00
1.295233249664306641e+00
1.261830449104309082e+00
1.197129487991333008e+00
1.160225391387939453e+00
1.113307476043701172e+00
1.102944135665893555e+00
1.104537248611450195e+00
1.023103594779968262e+00
1.095518112182617188e+00
1.054398894309997559e+00
9.853453040122985840e-01
9.246945381164550781e-01
8.629283905029296875e-01
7.554798722267150879e-01
7.752467393875122070e-01
8.455390334129333496e-01
8.866878747940063477e-01
8.912511467933654785e-01
7.953183054924011230e-01
8.678320050239562988e-01
8.427290320396423340e-01
8.321688175201416016e-01
7.600141167640686035e-01
7.763861417770385742e-01
7.563390135765075684e-01
6.744684576988220215e-01
5.932422280311584473e-01
4.094879031181335449e-01
2.385138422250747681e-01
2.608982920646667480e-01
2.496145516633987427e-01
3.102539181709289551e-01
3.038171529769897461e-01
2.854955494403839111e-01
2.442113757133483887e-01
2.532471418380737305e-01
2.621772289276123047e-01
1.307375580072402954e-01
1.494038999080657959e-01
2.881477773189544678e-02
1.072084605693817139e-01
9.200404584407806396e-02
8.748328685760498047e-02
3.875814378261566162e-02
4.000595211982727051e-02
-1.393103897571563721e-01
-1.309312582015991211e-01
-5.928991734981536865e-02
-2.611665427684783936e-02
-4.653219878673553467e-02
-6.166967749595642090e-02
3.778459131717681885e-02
6.343077123165130615e-02
4.848809540271759033e-02
7.298780977725982666e-02
8.292354643344879150e-02
9.524687379598617554e-02
1.223866343498229980e-01
1.705894768238067627e-01
2.310601174831390381e-01
3.590889871120452881e-01
7.199174761772155762e-01
1.027585268020629883e+00
1.128253340721130371e+00
1.236175775527954102e+00
1.350248456001281738e+00
1.388124823570251465e+00
1.393574237823486328e+00
1.438772797584533691e+00
1.445434927940368652e+00
1.452530264854431152e+00
1.447254657745361328e+00
1.576953649520874023e+00
1.591279864311218262e+00
1.598158121109008789e+00
1.605612516403198242e+00
1.538402438163757324e+00
1.328978300094604492e+00
1.278526663780212402e+00
1.301393508911132812e+00
1.351864933967590332e+00
1.288794040679931641e+00
1.264429330825805664e+00
1.427057981491088867e+00
1.498378515243530273e+00
1.500308394432067871e+00
1.491716265678405762e+00
1.495931267738342285e+00
1.520787954330444336e+00
1.490586638450622559e+00
1.426671743392944336e+00
1.304304003715515137e+00
1.174576163291931152e+00
1.189150333404541016e+00
1.234665155410766602e+00
1.265677094459533691e+00
1.212502121925354004e+00
1.170198321342468262e+00
1.142888188362121582e+00
1.089622855186462402e+00
1.038454055786132812e+00
1.007841467857360840e+00
1.004937648773193359e+00
9.688940644264221191e-01
1.016864776611328125e+00
9.891031384468078613e-01
9.230733513832092285e-01
8.614678978919982910e-01
7.917273640632629395e-01
7.076437473297119141e-01
7.519195079803466797e-01
8.621143102645874023e-01
8.716377615928649902e-01
8.604907989501953125e-01
7.584242224693298340e-01
8.261852860450744629e-01
8.190746903419494629e-01
7.798368930816650391e-01
7.595373988151550293e-01
7.805985808372497559e-01
7.216177582740783691e-01
6.671653985977172852e-01
5.915819406509399414e-01
4.118786752223968506e-01
2.275309115648269653e-01
2.303550094366073608e-01
2.878414988517761230e-01
2.955627441406250000e-01
2.702617049217224121e-01
2.839056849479675293e-01
2.668244242668151855e-01
2.585753798484802246e-01
2.631626725196838379e-01
1.756733208894729614e-01
1.778374910354614258e-01
9.109906852245330811e-02
1.605003476142883301e-01
1.393687874078750610e-01
1.347725689411163330e-01
1.002390384674072266e-01
7.343536615371704102e-02
-6.993529200553894043e-02
-6.286995857954025269e-02
-1.042042672634124756e-02
1.687784492969512939e-02
5.573928356170654297e-03
-2.685914933681488037e-02
7.474540174007415771e-02
9.453406929969787598e-02
1.038027256727218628e-01
1.074749380350112915e-01
1.082158684730529785e-01
1.302411854267120361e-01
1.499625146389007568e-01
1.880858838558197021e-01
2.643058001995086670e-01
3.727518320083618164e-01
7.335509657859802246e-01
9.951543807983398438e-01
1.120446562767028809e+00
1.194001555442810059e+00
1.330947995185852051e+00
1.351011037826538086e+00
1.391503572463989258e+00
1.415040612220764160e+00
1.440825819969177246e+00
1.447414517402648926e+00
1.445500493049621582e+00
1.536460161209106445e+00
1.561190128326416016e+00
1.535051345825195312e+00
1.554300785064697266e+00
1.485353827476501465e+00
1.301867723464965820e+00
1.253145694732666016e+00
1.291250467300415039e+00
1.291173815727233887e+00
1.267293930053710938e+00
1.225652813911437988e+00
1.350898981094360352e+00
1.414141416549682617e+00
1.426261782646179199e+00
1.400722742080688477e+00
1.400593638420104980e+00
1.408633232116699219e+00
1.372261285781860352e+00
1.306879281997680664e+00
1.183103442192077637e+00
1.026242017745971680e+00
1.029972434043884277e+00
1.068250536918640137e+00
1.048242211341857910e+00
1.004031300544738770e+00
9.695967435836791992e-01
9.457291364669799805e-01
9.167104959487915039e-01
8.883251547813415527e-01
8.551070690155029297e-01
8.407870531082153320e-01
8.046404123306274414e-01
8.430854678153991699e-01
8.264471888542175293e-01
7.936662435531616211e-01
7.142900228500366211e-01
6.837262511253356934e-01
5.798348784446716309e-01
6.162963509559631348e-01
7.150257825851440430e-01
7.001376152038574219e-01
6.852170228958129883e-01
6.020157933235168457e-01
6.770578622817993164e-01
6.659825444221496582e-01
6.133971810340881348e-01
5.839353799819946289e-01
5.634444952011108398e-01
5.266187787055969238e-01
4.426756799221038818e-01
3.564757704734802246e-01
1.805538088083267212e-01
7.809594273567199707e-03
-1.962643861770629883e-02
-1.906104385852813721e-03
1.649707555770874023e-03
-1.452352106571197510e-02
-3.936897218227386475e-02
-4.313417896628379822e-02
-5.172991752624511719e-02
-8.269985020160675049e-02
2.141586989164352417e-01
2.159491479396820068e-01
1.314680427312850952e-01
2.079898416996002197e-01
1.791028529405593872e-01
1.693118512630462646e-01
1.319411993026733398e-01
1.104101985692977905e-01
-2.983768284320831299e-02
-2.773222327232360840e-02
2.794271707534790039e-02
5.738826096057891846e-02
4.014348983764648438e-02
1.059930026531219482e-02
1.143260449171066284e-01
1.296690553426742554e-01
1.404929012060165405e-01
1.427937448024749756e-01
1.445417404174804688e-01
1.723027229309082031e-01
1.957955956459045410e-01
2.316916882991790771e-01
3.033917844295501709e-01
4.225215017795562744e-01
7.928930521011352539e-01
1.052020668983459473e+00
1.183727979660034180e+00
1.268763303756713867e+00
1.389658093452453613e+00
1.419532656669616699e+00
1.461045861244201660e+00
1.483466863632202148e+00
1.505641818046569824e+00
1.511499762535095215e+00
1.507564425468444824e+00
1.604365110397338867e+00
1.630034923553466797e+00
1.605292320251464844e+00
1.620052695274353027e+00
1.557388424873352051e+00
1.363535046577453613e+00
1.314916372299194336e+00
1.359458208084106445e+00
1.365725159645080566e+00
1.331946849822998047e+00
1.295673251152038574e+00
1.414717674255371094e+00
1.473952054977416992e+00
1.485695600509643555e+00
1.469298839569091797e+00
1.474764704704284668e+00
1.480891227722167969e+00
1.446965336799621582e+00
1.377336978912353516e+00
1.252979278564453125e+00
1.087315797805786133e+00
1.098494172096252441e+00
1.144384026527404785e+00
1.114288806915283203e+00
1.077509641647338867e+00
1.043654680252075195e+00
1.008680224418640137e+00
9.793529510498046875e-01
9.640973210334777832e-01
9.277191758155822754e-01
9.170897603034973145e-01
8.675637841224670410e-01
9.151148796081542969e-01
8.907909989356994629e-01
8.538924455642700195e-01
7.777053117752075195e-01
7.392854690551757812e-01
6.377167105674743652e-01
6.707720160484313965e-01
7.664655447006225586e-01
7.566910982131958008e-01
7.463907003402709961e-01
6.619746685028076172e-01
7.471783757209777832e-01
7.240002751350402832e-01
6.827570796012878418e-01
6.470436453819274902e-01
6.305922269821166992e-01
5.863217711448669434e-01
5.032757520675659180e-01
4.148278236389160156e-01
2.358583211898803711e-01
7.005038857460021973e-02
3.524207696318626404e-02
6.902478635311126709e-02
7.331994920969009399e-02
5.971676856279373169e-02
3.061541914939880371e-02
3.035000711679458618e-02
1.998593658208847046e-02
-1.325378566980361938e-02
3.325319290161132812e-02
3.091772645711898804e-02
-5.443246662616729736e-02
-1.376330852508544922e-03
-5.983218550682067871e-03
-4.931226372718811035e-03
-3.211584687232971191e-02
-7.059415429830551147e-02
-2.255383133888244629e-01
-2.003089338541030884e-01
-1.496634781360626221e-01
-1.321336925029754639e-01
-1.194169223308563232e-01
-1.588094085454940796e-01
-7.085167616605758667e-02
-4.522458463907241821e-02
-2.669683098793029785e-02
-3.223364055156707764e-02
-2.173620462417602539e-02
-1.432834565639495850e-02
4.842877388000488281e-04
4.188857972621917725e-02
1.216435059905052185e-01
1.950831115245819092e-01
5.379450917243957520e-01
7.980290055274963379e-01
8.972175717353820801e-01
9.446117281913757324e-01
1.110842108726501465e+00
1.112914443016052246e+00
1.154114484786987305e+00
1.175237894058227539e+00
1.203551650047302246e+00
1.211613178253173828e+00
1.218416929244995117e+00
1.296697020530700684e+00
1.335200548171997070e+00
1.301657915115356445e+00
1.322494983673095703e+00
1.242532491683959961e+00
1.071649789810180664e+00
1.017714977264404297e+00
1.069428920745849609e+00
1.046198964118957520e+00
1.044289231300354004e+00
1.003400921821594238e+00
1.144316077232360840e+00
1.199202060699462891e+00
1.201648712158203125e+00
1.169125437736511230e+00
1.156612396240234375e+00
1.160102009773254395e+00
1.126734614372253418e+00
1.075340628623962402e+00
9.448985457420349121e-01
8.063527941703796387e-01
7.923535704612731934e-01
8.230426907539367676e-01
8.256064653396606445e-01
7.676742672920227051e-01
7.335937023162841797e-01
7.186205983161926270e-01
6.925341486930847168e-01
6.482142806053161621e-01
6.100623607635498047e-01
5.868403911590576172e-01
5.948070883750915527e-01
6.143987774848937988e-01
5.974907875061035156e-01
5.766429305076599121e-01
4.943875074386596680e-01
4.744834303855895996e-01
3.704774081707000732e-01
4.144419431686401367e-01
5.238390564918518066e-01
5.043160915374755859e-01
4.802772700786590576e-01
3.944284021854400635e-01
4.477483630180358887e-01
4.638184607028961182e-01
3.750440180301666260e-01
3.853814899921417236e-01
3.417597413063049316e-01
3.261301815509796143e-01
2.324220240116119385e-01
1.485614031553268433e-01
-3.775291144847869873e-03
-1.895161271095275879e-01
-2.150616794824600220e-01
-2.179255783557891846e-01
-2.217863500118255615e-01
-2.400627136230468750e-01
-2.518002390861511230e-01
-2.636251747608184814e-01
-2.634292244911193848e-01
-2.781038880348205566e-01
-3.473831713199615479e-01
-3.111662864685058594e-01
-4.025844037532806396e-01
-3.461831510066986084e-01
-3.602001667022705078e-01
-3.936783075332641602e-01
-4.508833289146423340e-01
-4.707460999488830566e-01
-5.163613557815551758e-01
-4.983455836772918701e-01
-5.013438463211059570e-01
-4.863779544830322266e-01
-4.804567098617553711e-01
-5.343825817108154297e-01
-4.934087395668029785e-01
-4.760965108871459961e-01
-4.533674120903015137e-01
-4.641872942447662354e-01
-4.407186508178710938e-01
-4.977107048034667969e-01
-4.811454415321350098e-01
-5.158132314682006836e-01
-5.597009658813476562e-01
-5.632190704345703125e-01
-5.158543586730957031e-01
-4.738080799579620361e-01
-4.417921006679534912e-01
-3.796125650405883789e-01
-3.824990987777709961e-01
-3.533252775669097900e-01
-3.576262593269348145e-01
-3.499783277511596680e-01
-3.410600423812866211e-01
-2.831540107727050781e-01
-2.990534007549285889e-01
-2.441516220569610596e-01
-2.098898738622665405e-01
-1.986843645572662354e-01
-2.144453972578048706e-01
-1.841996461153030396e-01
-3.313476741313934326e-01
-3.500594198703765869e-01
-3.273487389087677002e-01
-3.104137480258941650e-01
-2.999807596206665039e-01
-3.073693513870239258e-01
-3.149338662624359131e-01
-3.113133609294891357e-01
-3.404387831687927246e-01
-3.157626986503601074e-01
-3.544304668903350830e-01
-4.186634421348571777e-01
-4.409040808677673340e-01
-4.807950854301452637e-01
-5.789176821708679199e-01
-6.979789137840270996e-01
-7.317155003547668457e-01
-7.065435647964477539e-01
-7.544101476669311523e-01
-7.427391409873962402e-01
-7.546488642692565918e-01
-7.895057201385498047e-01
-7.802390456199645996e-01
-7.822196483612060547e-01
-7.923226952552795410e-01
-7.833684682846069336e-01
-8.005070090293884277e-01
-8.147438764572143555e-01
-8.317924737930297852e-01
-8.241435289382934570e-01
-8.647893071174621582e-01
-8.969291448593139648e-01
-9.092011451721191406e-01
-9.227527379989624023e-01
-9.487895369529724121e-01
-8.902954459190368652e-01
-9.074865579605102539e-01
-8.947106003761291504e-01
-9.512040615081787109e-01
-9.735315442085266113e-01
-9.399808049201965332e-01
-9.616275429725646973e-01
-9.863380193710327148e-01
-9.961507916450500488e-01
-1.053665041923522949e+00
-1.149020433425903320e+00
-1.167053937911987305e+00
-1.197640419006347656e+00
-1.261494994163513184e+00
-1.230573773384094238e+00
-1.279253721237182617e+00
-1.253025293350219727e+00
-1.303903460502624512e+00
-1.291641235351562500e+00
-1.313392639160156250e+00
-1.327435016632080078e+00
-1.194102883338928223e+00
-1.187149286270141602e+00
-1.203952193260192871e+00
-1.162957429885864258e+00
-1.241871356964111328e+00
-1.216123342514038086e+00
-1.193077445030212402e+00
-1.211002826690673828e+00
-1.268815398216247559e+00
-1.243752956390380859e+00
-1.292964577674865723e+00
-1.290242433547973633e+00
-1.289310336112976074e+00
-1.276638507843017578e+00
-1.249372959136962891e+00
-1.241781592369079590e+00
-1.263671159744262695e+00
-1.316244006156921387e+00
-1.247488260269165039e+00
-1.300559043884277344e+00
-1.306054472923278809e+00
-1.275132417678833008e+00
-1.276444911956787109e+00
-1.346925973892211914e+00
-1.219441294670104980e+00
-1.089106321334838867e+00
-1.181978940963745117e+00
-1.145140409469604492e+00
-1.086544036865234375e+00
-1.123729944229125977e+00
-1.073565006256103516e+00
-1.056528329849243164e+00
-1.057456493377685547e+00
-1.050959229469299316e+00
-9.511013031005859375e-01
-9.365938901901245117e-01
-9.254557490348815918e-01
-8.908888697624206543e-01
-8.957951068878173828e-01
-9.580282568931579590e-01
-9.749556779861450195e-01
-9.687401056289672852e-01
-9.934645295143127441e-01
-9.322437644004821777e-01
-9.745164513587951660e-01
-9.238533377647399902e-01
-9.210128188133239746e-01
-9.381878972053527832e-01
-9.862794280052185059e-01
-9.630061984062194824e-01
-9.270024299621582031e-01
-9.517855644226074219e-01
-9.888716340065002441e-01
-1.026040792465209961e+00
-1.077043056488037109e+00
-1.092175126075744629e+00
-1.149194836616516113e+00
-1.111539840698242188e+00
-1.084648489952087402e+00
-1.129678368568420410e+00
-1.160254478454589844e+00
-1.118559122085571289e+00
-1.099428296089172363e+00
-1.185243248939514160e+00
-1.116301059722900391e+00
-1.154237747192382812e+00
-1.186049938201904297e+00
-1.100965857505798340e+00
-1.160898566246032715e+00
-1.202796101570129395e+00
-1.229117989540100098e+00
-1.246434211730957031e+00
-1.194388031959533691e+00
-1.166613101959228516e+00
-1.182177424430847168e+00
-1.187857985496520996e+00
-1.177631139755249023e+00
-1.190588235855102539e+00
-1.191376566886901855e+00
-1.172977447509765625e+00
-1.244088411331176758e+00
-1.257635712623596191e+00
-1.211246252059936523e+00
-1.186088085174560547e+00
-1.237586617469787598e+00
-1.318038105964660645e+00
-1.336459159851074219e+00
-1.381453037261962891e+00
-1.338540434837341309e+00
-1.336999773979187012e+00
-1.359339594841003418e+00
-1.391768217086791992e+00
-1.380720257759094238e+00
-1.395615935325622559e+00
-1.413205504417419434e+00
-1.406183242797851562e+00
-9.581534266471862793e-01
-9.278067350387573242e-01
-9.917215108871459961e-01
-9.535937309265136719e-01
-9.665904641151428223e-01
-9.862720370292663574e-01
-9.985967874526977539e-01
-1.019899129867553711e+00
-1.045770168304443359e+00
-1.035113453865051270e+00
-1.010111927986145020e+00
-9.777858853340148926e-01
-9.408534765243530273e-01
-9.250975847244262695e-01
-9.045991897583007812e-01
-8.735155463218688965e-01
-8.039031624794006348e-01
-7.714508771896362305e-01
-7.543598413467407227e-01
-7.180931568145751953e-01
-6.563926935195922852e-01
-5.833366513252258301e-01
-4.529275000095367432e-01
-2.433093488216400146e-01
2.556916773319244385e-01
5.475327968597412109e-01
6.924325227737426758e-01
8.385455012321472168e-01
9.561926722526550293e-01
1.029623270034790039e+00
1.092614412307739258e+00
1.127086281776428223e+00
1.180240035057067871e+00
1.188100695610046387e+00
1.245061755180358887e+00
1.301016807556152344e+00
1.354259014129638672e+00
1.352913379669189453e+00
1.377016663551330566e+00
1.332738757133483887e+00
1.158395051956176758e+00
1.098770976066589355e+00
1.174183607101440430e+00
1.186355471611022949e+00
1.134258031845092773e+00
1.138643741607666016e+00
1.246105074882507324e+00
1.316060066223144531e+00
1.301417946815490723e+00
1.325062513351440430e+00
1.350900530815124512e+00
1.351345300674438477e+00
1.334452033042907715e+00
1.280528068542480469e+00
1.153100728988647461e+00
1.017028570175170898e+00
1.011707425117492676e+00
1.049821138381958008e+00
1.068901896476745605e+00
1.012756228446960449e+00
9.899627566337585449e-01
9.796914458274841309e-01
8.878538608551025391e-01
8.594185113906860352e-01
8.443614244461059570e-01
8.575987219810485840e-01
7.998806834220886230e-01
8.499310612678527832e-01
7.836892604827880859e-01
7.392014265060424805e-01
6.999421715736389160e-01
6.002775430679321289e-01
5.057338476181030273e-01
5.348011255264282227e-01
6.633152365684509277e-01
6.942522525787353516e-01
6.460826992988586426e-01
6.102509498596191406e-01
6.257220506668090820e-01
6.217792630195617676e-01
5.992633700370788574e-01
5.893779397010803223e-01
5.777550935745239258e-01
5.455222725868225098e-01
4.203891456127166748e-01
3.604995608329772949e-01
2.164929807186126709e-01
4.759082198143005371e-02
-7.069192826747894287e-03
6.139327585697174072e-02
6.278168410062789917e-02
4.470699280500411987e-02
3.197437524795532227e-02
3.671655803918838501e-02
1.230937242507934570e-02
-4.424527287483215332e-03
-1.200582087039947510e-02
1.088415086269378662e-02
-8.957749605178833008e-02
-2.319952845573425293e-02
-4.721964150667190552e-02
-5.323351174592971802e-02
-1.028605252504348755e-01
-1.166661977767944336e-01
-2.741442620754241943e-01
-2.506083548069000244e-01
-2.019172757863998413e-01
-1.478034853935241699e-01
-1.673123985528945923e-01
-1.862235367298126221e-01
-1.012718528509140015e-01
-6.332536041736602783e-02
-7.720865309238433838e-02
-5.551252514123916626e-02
-4.678168147802352905e-02
-4.834855720400810242e-02
-1.716049760580062866e-02
3.573757410049438477e-02
9.276513010263442993e-02
2.211548984050750732e-01
5.870511531829833984e-01
8.803848624229431152e-01
9.785229563713073730e-01
1.079393267631530762e+00
1.186189174652099609e+00
1.232356786727905273e+00
1.254197359085083008e+00
1.305383086204528809e+00
1.289830088615417480e+00
1.325998187065124512e+00
1.297845244407653809e+00
1.428815245628356934e+00
1.447240829467773438e+00
1.448170185089111328e+00
1.439346790313720703e+00
1.388152480125427246e+00
1.187460780143737793e+00
1.132227063179016113e+00
1.163341522216796875e+00
1.206875205039978027e+00
1.174665689468383789e+00
1.135914087295532227e+00
1.266990661621093750e+00
1.358617305755615234e+00
1.366711139678955078e+00
1.361697435379028320e+00
1.373565912246704102e+00
1.385843753814697266e+00
1.368091583251953125e+00
1.292793750762939453e+00
1.191505908966064453e+00
1.020736217498779297e+00
1.045376658439636230e+00
1.115579962730407715e+00
1.121103525161743164e+00
1.079827189445495605e+00
1.033522725105285645e+00
1.008314967155456543e+00
9.621844291687011719e-01
8.943804502487182617e-01
8.878306746482849121e-01
8.677965998649597168e-01
8.159366250038146973e-01
8.755809068679809570e-01
8.468874692916870117e-01
7.658482193946838379e-01
7.133197188377380371e-01
6.519632339477539062e-01
5.700252056121826172e-01
6.048471331596374512e-01
7.222905755043029785e-01
7.569509148597717285e-01
7.154116034507751465e-01
6.336584091186523438e-01
7.057221531867980957e-01
7.016627788543701172e-01
6.656644344329833984e-01
6.356996893882751465e-01
6.508744359016418457e-01
5.962412357330322266e-01
5.396560430526733398e-01
4.588624835014343262e-01
2.837814688682556152e-01
9.487257897853851318e-02
1.045454889535903931e-01
1.469594687223434448e-01
1.746872663497924805e-01
1.474928259849548340e-01
1.550231873989105225e-01
1.276220381259918213e-01
1.342909038066864014e-01
1.123208999633789062e-01
1.322683244943618774e-01
1.394366025924682617e-01
3.466306626796722412e-02
1.176087856292724609e-01
8.554442226886749268e-02
7.633878290653228760e-02
3.364387154579162598e-02
3.349579870700836182e-02
-1.208797097206115723e-01
-1.354165822267532349e-01
-5.641740560531616211e-02
-3.831726312637329102e-02
-5.555735528469085693e-02
-6.833675503730773926e-02
3.080822527408599854e-02
5.262646079063415527e-02
4.309077560901641846e-02
5.171191692352294922e-02
7.207292318344116211e-02
7.958791404962539673e-02
1.167999804019927979e-01
1.613036096096038818e-01
2.116242647171020508e-01
3.440164327621459961e-01
7.073314785957336426e-01
1.000152468681335449e+00
1.116051077842712402e+00
1.218252658843994141e+00
1.328243017196655273e+00
1.377671718597412109e+00
1.417198300361633301e+00
1.430355310440063477e+00
1.436955571174621582e+00
1.453514218330383301e+00
1.434543013572692871e+00
1.562828779220581055e+00
1.569075226783752441e+00
1.577752828598022461e+00
1.591504812240600586e+00
1.524838328361511230e+00
1.304875731468200684e+00
1.253393888473510742e+00
1.309625864028930664e+00
1.338492631912231445e+00
1.270386219024658203e+00
1.254544615745544434e+00
1.390664696693420410e+00
1.447045564651489258e+00
1.451752424240112305e+00
1.450391292572021484e+00
1.449826598167419434e+00
1.460750341415405273e+00
1.439512968063354492e+00
1.350268125534057617e+00
1.233133077621459961e+00
1.085309386253356934e+00
1.093298792839050293e+00
1.149323940277099609e+00
1.143131256103515625e+00
1.098828792572021484e+00
1.061523914337158203e+00
1.033850669860839844e+00
9.827065467834472656e-01
9.703087210655212402e-01
9.299559593200683594e-01
9.295828342437744141e-01
8.679370284080505371e-01
9.141222238540649414e-01
8.908901810646057129e-01
8.453576564788818359e-01
7.759044766426086426e-01
7.137849926948547363e-01
6.267846822738647461e-01
6.755762100219726562e-01
7.680959701538085938e-01
7.669451236724853516e-01
7.573494911193847656e-01
6.749618053436279297e-01
7.444300055503845215e-01
7.292118668556213379e-01
6.908718347549438477e-01
6.648691296577453613e-01
6.615183949470520020e-01
6.055193543434143066e-01
5.390459895133972168e-01
4.463604688644409180e-01
2.621558010578155518e-01
9.608303010463714600e-02
5.920756235718727112e-02
1.134890764951705933e-01
1.161242201924324036e-01
9.236560016870498657e-02
8.133874088525772095e-02
8.267328888177871704e-02
6.743482500314712524e-02
5.195480585098266602e-02
1.587671488523483276e-01
1.834792792797088623e-01
9.639094769954681396e-02
1.736735105514526367e-01
1.417455226182937622e-01
1.303247809410095215e-01
8.533588051795959473e-02
8.880102634429931641e-02
-5.247507989406585693e-02
-8.531112223863601685e-02
-7.605567574501037598e-03
2.305492758750915527e-03
-1.278944313526153564e-02
-2.211087942123413086e-02
9.029312431812286377e-02
1.076099127531051636e-01
9.133969247341156006e-02
9.957255423069000244e-02
1.176081299781799316e-01
1.251722872257232666e-01
1.597967445850372314e-01
1.988332867622375488e-01
2.419483661651611328e-01
3.900507092475891113e-01
7.384716272354125977e-01
1.020335435867309570e+00
1.154158234596252441e+00
1.238609075546264648e+00
1.356349945068359375e+00
1.398337721824645996e+00
1.453043937683105469e+00
1.450274705886840820e+00
1.470148324966430664e+00
1.483584523200988770e+00
1.473308801651000977e+00
1.588948369026184082e+00
1.598530769348144531e+00
1.608962774276733398e+00
1.616323471069335938e+00
1.537459850311279297e+00
1.339547038078308105e+00
1.290976405143737793e+00
1.338402032852172852e+00
1.340495347976684570e+00
1.278914451599121094e+00
1.264383792877197266e+00
1.382294774055480957e+00
1.442688465118408203e+00
1.449730515480041504e+00
1.456502199172973633e+00
1.437893748283386230e+00
1.449664831161499023e+00
1.409892201423645020e+00
1.346903324127197266e+00
1.212745547294616699e+00
1.059417486190795898e+00
1.057726502418518066e+00
1.124134302139282227e+00
1.096072793006896973e+00
1.040491700172424316e+00
1.010560393333435059e+00
9.939880967140197754e-01
9.571953415870666504e-01
9.269915223121643066e-01
9.045259952545166016e-01
9.080297350883483887e-01
8.312671780586242676e-01
8.861686587333679199e-01
8.561531305313110352e-01
8.285562396049499512e-01
7.529286742210388184e-01
6.943188905715942383e-01
6.047126650810241699e-01
6.423383355140686035e-01
7.350839972496032715e-01
7.367306351661682129e-01
7.064309120178222656e-01
6.381599307060241699e-01
7.059704661369323730e-01
7.001743316650390625e-01
6.667304635047912598e-01
6.333596110343933105e-01
6.052653193473815918e-01
5.693581700325012207e-01
4.806632697582244873e-01
3.872809410095214844e-01
2.178597450256347656e-01
3.730912506580352783e-02
-2.912600152194499969e-02
3.008131682872772217e-02
1.873498782515525818e-02
3.325827419757843018e-03
-5.042180418968200684e-03
-1.140130311250686646e-02
-3.809761628508567810e-02
-4.560209810733795166e-02
1.490779966115951538e-01
1.705290079116821289e-01
7.794918119907379150e-02
1.605308651924133301e-01
1.262445002794265747e-01
1.155459433794021606e-01
7.124966382980346680e-02
7.550525665283203125e-02
-6.794939190149307251e-02
-1.018026173114776611e-01
-2.167093753814697266e-02
-8.152797818183898926e-03
-2.732799947261810303e-02
-3.152118623256683350e-02
7.805889844894409180e-02
9.568548202514648438e-02
7.800902426242828369e-02
8.574157953262329102e-02
1.080850809812545776e-01
1.135483756661415100e-01
1.496378183364868164e-01
1.904737949371337891e-01
2.322591841220855713e-01
3.819666206836700439e-01
7.366838455200195312e-01
1.021893262863159180e+00
1.155948281288146973e+00
1.241778492927551270e+00
1.354722499847412109e+00
1.402053475379943848e+00
1.454582691192626953e+00
1.450536966323852539e+00
1.467372655868530273e+00
1.481503009796142578e+00
1.472673058509826660e+00
1.591309428215026855e+00
1.597293853759765625e+00
1.610308647155761719e+00
1.622426748275756836e+00
1.541135191917419434e+00
1.342069029808044434e+00
1.290304899215698242e+00
1.338927268981933594e+00
1.349491000175476074e+00
1.278500556945800781e+00
1.270443916320800781e+00
1.391310811042785645e+00
1.447112798690795898e+00
1.451197385787963867e+00
1.460475802421569824e+00
1.442718863487243652e+00
1.457181930541992188e+00
1.419186592102050781e+00
1.351976871490478516e+00
1.220835804939270020e+00
1.072203755378723145e+00
1.067116737365722656e+00
1.132893085479736328e+00
1.108230710029602051e+00
1.055865049362182617e+00
1.021210670471191406e+00
1.008444786071777344e+00
9.666432142257690430e-01
9.395116567611694336e-01
9.153231382369995117e-01
9.163225889205932617e-01
8.423613905906677246e-01
8.966180682182312012e-01
8.645965456962585449e-01
8.356723785400390625e-01
7.626450061798095703e-01
6.988222002983093262e-01
6.128019094467163086e-01
6.535793542861938477e-01
7.470149397850036621e-01
7.465657591819763184e-01
7.195342183113098145e-01
6.507893204689025879e-01
7.140702605247497559e-01
7.086564302444458008e-01
6.801106929779052734e-01
6.443438529968261719e-01
6.214366555213928223e-01
5.792396068572998047e-01
4.932475388050079346e-01
4.010234773159027100e-01
2.281496822834014893e-01
4.929791390895843506e-02
-1.459413021802902222e-02
4.600368440151214600e-02
3.929635882377624512e-02
1.725675910711288452e-02
1.149085909128189087e-02
6.874524056911468506e-03
-2.014312893152236938e-02
-2.748640626668930054e-02
-1.370504498481750488e-02
2.073504030704498291e-03
-1.280499696731567383e-01
-3.236337006092071533e-02
-6.718063354492187500e-02
-1.197710931301116943e-01
-1.540416628122329712e-01
-1.378671973943710327e-01
-2.168970704078674316e-01
-2.624378800392150879e-01
-1.925898492336273193e-01
-1.734227985143661499e-01
-2.176912426948547363e-01
-2.014934718608856201e-01
-1.125508248805999756e-01
-1.317606568336486816e-01
-1.365640312433242798e-01
-1.301529407501220703e-01
-9.851021319627761841e-02
-1.245489418506622314e-01
-1.139844134449958801e-01
-1.387789994478225708e-01
-1.854058802127838135e-01
-1.939930915832519531e-01
-7.102933526039123535e-02
2.617475949227809906e-02
1.109658926725387573e-01
1.625112295150756836e-01
1.799323707818984985e-01
1.587517559528350830e-01
2.360594570636749268e-01
1.912826746702194214e-01
1.892364621162414551e-01
2.180112004280090332e-01
2.075774669647216797e-01
2.614661157131195068e-01
2.688159942626953125e-01
3.199270367622375488e-01
2.824294865131378174e-01
2.658555805683135986e-01
1.534917652606964111e-01
1.120822727680206299e-01
1.869172006845474243e-01
1.784029901027679443e-01
1.615268588066101074e-01
1.486065387725830078e-01
2.092833220958709717e-01
1.198322921991348267e-01
1.355958580970764160e-01
9.896991401910781860e-02
1.032151728868484497e-01
9.737051278352737427e-02
8.983248472213745117e-02
-7.167361676692962646e-02
-1.688311249017715454e-01
-2.729779481887817383e-01
-3.351780474185943604e-01
-2.662865519523620605e-01
-2.859601676464080811e-01
-2.779502272605895996e-01
-3.640472292900085449e-01
-3.623005151748657227e-01
-3.481410443782806396e-01
-3.748936355113983154e-01
-3.956177532672882080e-01
-3.339182138442993164e-01
-3.838063776493072510e-01
-3.933129906654357910e-01
-3.567720949649810791e-01
-4.303250908851623535e-01
-4.059992432594299316e-01
-5.155279040336608887e-01
-4.760879874229431152e-01
-4.915652573108673096e-01
-4.424961805343627930e-01
-4.455523788928985596e-01
-4.693654477596282959e-01
-4.858691394329071045e-01
-4.975667893886566162e-01
-5.425551533699035645e-01
-5.145274996757507324e-01
-5.850373506546020508e-01
-5.652355551719665527e-01
-5.964326858520507812e-01
-6.977865099906921387e-01
-7.247864603996276855e-01
-8.078044056892395020e-01
-8.603842854499816895e-01
-9.965638518333435059e-01
-9.156622290611267090e-01
-9.321231245994567871e-01
-9.856575727462768555e-01
-9.943118095397949219e-01
-9.876900911331176758e-01
-1.041584134101867676e+00
-1.029604434967041016e+00
-1.111716628074645996e+00
-1.111841559410095215e+00
-1.106670737266540527e+00
-1.109384059906005859e+00
-1.163864016532897949e+00
-1.149569272994995117e+00
-1.142055749893188477e+00
-1.131894826889038086e+00
-1.210392475128173828e+00
-1.188097357749938965e+00
-1.234990835189819336e+00
-1.210427999496459961e+00
-1.219897389411926270e+00
-1.214004755020141602e+00
-1.184725403785705566e+00
-1.189999818801879883e+00
-1.235538244247436523e+00
-1.230174779891967773e+00
-1.198449373245239258e+00
-1.229091763496398926e+00
-1.232484579086303711e+00
-1.211719036102294922e+00
-1.208099126815795898e+00
-1.266110539436340332e+00
-1.131113052368164062e+00
-9.843322634696960449e-01
-1.068435192108154297e+00
-1.041368722915649414e+00
-9.842475652694702148e-01
-1.004578828811645508e+00
-9.400056600570678711e-01
-9.328504204750061035e-01
-9.231087565422058105e-01
-9.122958183288574219e-01
-8.347402811050415039e-01
-8.004672527313232422e-01
-7.995346784591674805e-01
-7.568335533142089844e-01
-7.789348363876342773e-01
-8.546034693717956543e-01
-8.601601123809814453e-01
-8.641141653060913086e-01
-8.971644639968872070e-01
-8.373674750328063965e-01
-8.774473071098327637e-01
-8.193640112876892090e-01
-8.179449439048767090e-01
-8.070089221000671387e-01
-8.688960671424865723e-01
-8.537140488624572754e-01
-8.448173999786376953e-01
-8.495122194290161133e-01
-8.920137286186218262e-01
-9.215911030769348145e-01
-9.951258897781372070e-01
-1.002479553222656250e+00
-1.080798864364624023e+00
-1.020834088325500488e+00
-1.004559397697448730e+00
-1.050343513488769531e+00
-1.087992429733276367e+00
-1.041552662849426270e+00
-1.057369709014892578e+00
-1.141276717185974121e+00
-1.069074749946594238e+00
-1.096219420433044434e+00
-1.129492640495300293e+00
-1.053817152976989746e+00
-1.101053595542907715e+00
-1.165169835090637207e+00
-1.181409358978271484e+00
-1.192333459854125977e+00
-1.134375333786010742e+00
-1.106557130813598633e+00
-1.127389788627624512e+00
-1.142612814903259277e+00
-1.136579155921936035e+00
-1.152410507202148438e+00
-1.137721538543701172e+00
-1.142988085746765137e+00
-1.223530292510986328e+00
-1.241601586341857910e+00
-1.201355576515197754e+00
-1.183756351470947266e+00
-1.225874423980712891e+00
-1.282063007354736328e+00
-1.352237582206726074e+00
-1.393409490585327148e+00
-1.349864125251770020e+00
-1.392211675643920898e+00
-1.395861864089965820e+00
-1.429125666618347168e+00
-1.397503733634948730e+00
-1.430083990097045898e+00
-1.437225103378295898e+00
-1.438364267349243164e+00
-9.089272022247314453e-01
-8.723196387290954590e-01
-8.909275531768798828e-01
-8.878974914550781250e-01
-9.083121418952941895e-01
-9.126054048538208008e-01
-9.288855791091918945e-01
-9.591350555419921875e-01
-9.966205358505249023e-01
-9.695347547531127930e-01
-9.358129501342773438e-01
-9.028725028038024902e-01
-8.667297363281250000e-01
-8.657467365264892578e-01
-8.417356610298156738e-01
-8.131011128425598145e-01
-7.256907224655151367e-01
-6.882590055465698242e-01
-6.721451282501220703e-01
-6.404306888580322266e-01
-5.679409503936767578e-01
-4.871008396148681641e-01
-3.625553548336029053e-01
-1.392100304365158081e-01
3.566412925720214844e-01
6.721454858779907227e-01
7.940027117729187012e-01
9.793543815612792969e-01
1.082340359687805176e+00
1.159782648086547852e+00
1.217672467231750488e+00
1.255957841873168945e+00
1.302748203277587891e+00
1.330453634262084961e+00
1.359492182731628418e+00
1.469009160995483398e+00
1.493100523948669434e+00
1.497301340103149414e+00
1.499977707862854004e+00
1.469157218933105469e+00
1.272690773010253906e+00
1.242957711219787598e+00
1.306001663208007812e+00
1.313060522079467773e+00
1.261320352554321289e+00
1.260934710502624512e+00
1.382987380027770996e+00
1.456254243850708008e+00
1.439409136772155762e+00
1.464451551437377930e+00
1.475821018218994141e+00
1.487763166427612305e+00
1.465655207633972168e+00
1.429110527038574219e+00
1.310991048812866211e+00
1.146874189376831055e+00
1.141444802284240723e+00
1.208760380744934082e+00
1.192752599716186523e+00
1.167571187019348145e+00
1.138406515121459961e+00
1.099150776863098145e+00
1.039481759071350098e+00
1.001029133796691895e+00
9.719200134277343750e-01
9.863892793655395508e-01
9.272070527076721191e-01
9.836808443069458008e-01
9.380112886428833008e-01
8.736878037452697754e-01
8.334509134292602539e-01
7.448232769966125488e-01
6.477826833724975586e-01
6.758115291595458984e-01
7.715256214141845703e-01
8.177506327629089355e-01
7.809991836547851562e-01
7.126805782318115234e-01
7.649712562561035156e-01
7.478005290031433105e-01
7.334627509117126465e-01
6.971532106399536133e-01
6.923143267631530762e-01
6.645861268043518066e-01
5.621840357780456543e-01
4.950164854526519775e-01
3.284100592136383057e-01
1.519228667020797729e-01
1.279085278511047363e-01
1.816954165697097778e-01
1.913463175296783447e-01
1.827584803104400635e-01
1.538756787776947021e-01
1.520372033119201660e-01
1.398729383945465088e-01
1.390836685895919800e-01
-6.677880883216857910e-03
1.694989204406738281e-02
-9.446252882480621338e-02
-2.538780868053436279e-02
-4.816137999296188354e-02
-4.623708128929138184e-02
-9.644182026386260986e-02
-1.079967021942138672e-01
-2.735539674758911133e-01
-2.528899610042572021e-01
-1.972088813781738281e-01
-1.530238538980484009e-01
-1.676893830299377441e-01
-1.811616867780685425e-01
-9.700483083724975586e-02
-6.189865618944168091e-02
-7.682723551988601685e-02
-5.713074654340744019e-02
-4.207932204008102417e-02
-4.887203127145767212e-02
-1.306612044572830200e-02
3.968355059623718262e-02
9.386213868856430054e-02
2.198460400104522705e-01
5.818908214569091797e-01
8.839486837387084961e-01
9.771514534950256348e-01
1.082216501235961914e+00
1.190523147583007812e+00
1.237031936645507812e+00
1.253444910049438477e+00
1.299840450286865234e+00
1.288289189338684082e+00
1.320204019546508789e+00
1.294370055198669434e+00
1.430467963218688965e+00
1.444526791572570801e+00
1.454105377197265625e+00
1.452191472053527832e+00
1.390644192695617676e+00
1.191368341445922852e+00
1.141468644142150879e+00
1.162154912948608398e+00
1.210972070693969727e+00
1.163745403289794922e+00
1.134154319763183594e+00
1.279366374015808105e+00
1.362962722778320312e+00
1.367192149162292480e+00
1.360825061798095703e+00
1.370468616485595703e+00
1.387417554855346680e+00
1.362761378288269043e+00
1.300088405609130859e+00
1.187066078186035156e+00
1.033681511878967285e+00
1.052813529968261719e+00
1.111870765686035156e+00
1.127281546592712402e+00
1.083199381828308105e+00
1.035728335380554199e+00
1.015869736671447754e+00
9.679154753684997559e-01
9.002357125282287598e-01
8.834480047225952148e-01
8.659570813179016113e-01
8.245266675949096680e-01
8.760168552398681641e-01
8.495752215385437012e-01
7.748863101005554199e-01
7.200136184692382812e-01
6.529900431632995605e-01
5.785431861877441406e-01
6.115725040435791016e-01
7.255115509033203125e-01
7.583844065666198730e-01
7.246546745300292969e-01
6.419953703880310059e-01
6.999868750572204590e-01
7.020547986030578613e-01
6.667304635047912598e-01
6.379345655441284180e-01
6.510884761810302734e-01
6.014160513877868652e-01
5.448300838470458984e-01
4.638129174709320068e-01
2.873746156692504883e-01
9.775139391422271729e-02
1.050441116094589233e-01
1.488745957612991333e-01
1.681100726127624512e-01
1.419522464275360107e-01
1.546334028244018555e-01
1.285885870456695557e-01
1.258379817008972168e-01
1.187621355056762695e-01
1.412508040666580200e-01
1.557815074920654297e-01
6.483756005764007568e-02
1.393613815307617188e-01
1.110706478357315063e-01
9.929606318473815918e-02
5.867788195610046387e-02
5.643762648105621338e-02
-9.032770991325378418e-02
-1.107393652200698853e-01
-3.491499274969100952e-02
-2.616380155086517334e-02
-3.369174897670745850e-02
-5.050481855869293213e-02
5.024348199367523193e-02
7.114340364933013916e-02
6.380204856395721436e-02
6.976617872714996338e-02
8.813384175300598145e-02
8.985093981027603149e-02
1.253969073295593262e-01
1.664929389953613281e-01
2.141222357749938965e-01
3.489265143871307373e-01
6.962162256240844727e-01
9.812082648277282715e-01
1.096340298652648926e+00
1.193818449974060059e+00
1.310562372207641602e+00
1.354124903678894043e+00
1.399726867675781250e+00
1.411196470260620117e+00
1.421261429786682129e+00
1.441492676734924316e+00
1.422687292098999023e+00
1.545641541481018066e+00
1.552970528602600098e+00
1.565296649932861328e+00
1.571447610855102539e+00
1.501054286956787109e+00
1.291178345680236816e+00
1.244446039199829102e+00
1.293906927108764648e+00
1.305072426795959473e+00
1.246254444122314453e+00
1.224740505218505859e+00
1.351222753524780273e+00
1.416177749633789062e+00
1.427266478538513184e+00
1.421299099922180176e+00
1.409789800643920898e+00
1.416144371032714844e+00
1.389617681503295898e+00
1.318416118621826172e+00
1.190210342407226562e+00
1.036779522895812988e+00
1.043551564216613770e+00
1.102757811546325684e+00
1.085752606391906738e+00
1.035393357276916504e+00
1.003296375274658203e+00
9.803194403648376465e-01
9.346065521240234375e-01
9.152894616127014160e-01
8.810387849807739258e-01
8.845322132110595703e-01
8.149251937866210938e-01
8.615486621856689453e-01
8.376764655113220215e-01
8.051274418830871582e-01
7.289720177650451660e-01
6.755100488662719727e-01
5.790322422981262207e-01
6.264805197715759277e-01
7.134081125259399414e-01
7.190590500831604004e-01
6.985232830047607422e-01
6.241562366485595703e-01
6.903256177902221680e-01
6.795873045921325684e-01
6.410191655158996582e-01
6.114990711212158203e-01
5.958873033523559570e-01
5.548120737075805664e-01
4.775428473949432373e-01
3.839946985244750977e-01
2.099146544933319092e-01
4.030041396617889404e-02
-1.345908269286155701e-02
3.896638751029968262e-02
2.730180323123931885e-02
1.782247424125671387e-02
3.358811140060424805e-03
5.312263965606689453e-06
-2.412510663270950317e-02
-3.210958838462829590e-02
1.433381289243698120e-01
1.745323240756988525e-01
9.502287209033966064e-02
1.682943105697631836e-01
1.339314132928848267e-01
1.204310953617095947e-01
7.297375798225402832e-02
8.371910452842712402e-02
-5.582295358180999756e-02
-9.954664856195449829e-02
-1.415836811065673828e-02
-8.881866931915283203e-03
-2.166756987571716309e-02
-3.316706418991088867e-02
8.484728634357452393e-02
1.016601324081420898e-01
8.001324534416198730e-02
9.089271724224090576e-02
1.092073321342468262e-01
1.168670877814292908e-01
1.553618609905242920e-01
1.935473680496215820e-01
2.281613945960998535e-01
3.842108249664306641e-01
7.314412593841552734e-01
1.017234683036804199e+00
1.147630929946899414e+00
1.233668565750122070e+00
1.350343108177185059e+00
1.394467949867248535e+00
1.459065437316894531e+00
1.446483612060546875e+00
1.465834259986877441e+00
1.480767011642456055e+00
1.469385743141174316e+00
1.590951323509216309e+00
1.598651409149169922e+00
1.613014459609985352e+00
1.618312597274780273e+00
1.534762263298034668e+00
1.333481669425964355e+00
1.290113925933837891e+00
1.341507434844970703e+00
1.337841153144836426e+00
1.271360874176025391e+00
1.261280417442321777e+00
1.375674009323120117e+00
1.436390876770019531e+00
1.443605303764343262e+00
1.458738088607788086e+00
1.432957768440246582e+00
1.446200489997863770e+00
1.403235912322998047e+00
1.347072362899780273e+00
1.208449363708496094e+00
1.049887537956237793e+00
1.049953699111938477e+00
1.122777938842773438e+00
1.090662598609924316e+00
1.026816964149475098e+00
1.006848216056823730e+00
9.871318936347961426e-01
9.513956308364868164e-01
9.174149632453918457e-01
9.004216790199279785e-01
9.094567894935607910e-01
8.228420019149780273e-01
8.794535398483276367e-01
8.458670377731323242e-01
8.169575929641723633e-01
7.465638518333435059e-01
6.826620101928710938e-01
5.943135619163513184e-01
6.314651370048522949e-01
7.247104644775390625e-01
7.320452928543090820e-01
6.925182938575744629e-01
6.296308040618896484e-01
6.999611854553222656e-01
6.949365735054016113e-01
6.616418957710266113e-01
6.305386424064636230e-01
5.949848890304565430e-01
5.647057890892028809e-01
4.713203012943267822e-01
3.786624372005462646e-01
2.104501426219940186e-01
2.566289901733398438e-02
-5.275585502386093140e-02
1.492305845022201538e-02
-1.021474599838256836e-03
-1.470286399126052856e-02
-2.119558304548263550e-02
-2.744609117507934570e-02
-5.558460205793380737e-02
-5.909063294529914856e-02
1.448364555835723877e-02
1.375844329595565796e-02
-4.906909167766571045e-02
-2.775192260742187500e-03
-1.024523377418518066e-02
-1.527359336614608765e-02
-4.750663042068481445e-02
-8.053547143936157227e-02
-2.268216311931610107e-01
-2.097985446453094482e-01
-1.569270193576812744e-01
-1.352968961000442505e-01
-1.241554915904998779e-01
-1.588679552078247070e-01
-5.987686663866043091e-02
-5.419838428497314453e-02
-4.358382523059844971e-02
-3.936184942722320557e-02
-3.107760846614837646e-02
-1.548131555318832397e-02
-5.793333053588867188e-03
2.718633413314819336e-02
9.118504077196121216e-02
1.431421935558319092e-01
4.591920375823974609e-01
6.963571906089782715e-01
8.053122758865356445e-01
8.191698193550109863e-01
9.852676391601562500e-01
9.649674892425537109e-01
1.030845165252685547e+00
1.038165688514709473e+00
1.072636723518371582e+00
1.069398999214172363e+00
1.105528116226196289e+00
1.167331457138061523e+00
1.217919468879699707e+00
1.180661916732788086e+00
1.166881918907165527e+00
1.083207011222839355e+00
9.308317303657531738e-01
8.891506195068359375e-01
9.472957849502563477e-01
8.987424373626708984e-01
9.153941869735717773e-01
8.898381590843200684e-01
1.002749919891357422e+00
1.045422315597534180e+00
1.029330849647521973e+00
1.010856866836547852e+00
9.905394315719604492e-01
9.998738765716552734e-01
9.576978683471679688e-01
9.123665690422058105e-01
7.640019059181213379e-01
6.162286996841430664e-01
5.841202139854431152e-01
6.480887532234191895e-01
6.250375509262084961e-01
5.748408436775207520e-01
5.331436395645141602e-01
5.121676325798034668e-01
5.154811143875122070e-01
4.530305862426757812e-01
4.297516644001007080e-01
4.034235775470733643e-01
4.221933782100677490e-01
4.567153453826904297e-01
4.178607463836669922e-01
3.980544209480285645e-01
3.261142671108245850e-01
3.000736534595489502e-01
2.189423590898513794e-01
2.530677318572998047e-01
3.656617403030395508e-01
3.567117154598236084e-01
3.131295740604400635e-01
2.121330648660659790e-01
2.821677923202514648e-01
3.044981956481933594e-01
2.054536789655685425e-01
2.354496419429779053e-01
1.577597558498382568e-01
1.654720902442932129e-01
3.664947673678398132e-02
-2.369280718266963959e-02
-1.626915931701660156e-01
-3.570162653923034668e-01
-4.111515879631042480e-01
-4.042799472808837891e-01
-4.183335602283477783e-01
-4.330585002899169922e-01
-4.308899044990539551e-01
-4.420858025550842285e-01
-4.643585979938507080e-01
-4.579117894172668457e-01
-3.349811434745788574e-01
-3.423689007759094238e-01
-4.147636294364929199e-01
-3.872030973434448242e-01
-4.089260697364807129e-01
-4.334995746612548828e-01
-4.504350423812866211e-01
-4.649550914764404297e-01
-5.526852607727050781e-01
-5.352395772933959961e-01
-4.920559823513031006e-01
-5.035865306854248047e-01
-5.061628818511962891e-01
-5.271908044815063477e-01
-4.932510852813720703e-01
-4.767251610755920410e-01
-4.589524865150451660e-01
-4.713999330997467041e-01
-4.441046714782714844e-01
-4.564368128776550293e-01
-4.380567967891693115e-01
-4.728730320930480957e-01
-4.704203009605407715e-01
-5.122541189193725586e-01
-3.652924895286560059e-01
-2.321712970733642578e-01
-2.168040275573730469e-01
-1.803729385137557983e-01
-1.503558307886123657e-01
-1.563117802143096924e-01
-1.185746416449546814e-01
-1.148540228605270386e-01
-7.976562529802322388e-02
-5.185636132955551147e-02
-3.099453449249267578e-02
-2.810724079608917236e-02
2.105321735143661499e-02
2.354104816913604736e-02
2.435222268104553223e-03
-1.144900918006896973e-03
-1.400383114814758301e-01
-1.687099933624267578e-01
-1.027383208274841309e-01
-1.083545610308647156e-01
-1.271987855434417725e-01
-9.588177502155303955e-02
-5.687447637319564819e-02
-5.965176224708557129e-02
-9.038247168064117432e-02
-1.003104299306869507e-01
-1.273868978023529053e-01
-1.766395717859268188e-01
-1.412615031003952026e-01
-2.731648385524749756e-01
-3.459277153015136719e-01
-4.561447799205780029e-01
-5.130580663681030273e-01
-4.814404547214508057e-01
-4.843434989452362061e-01
-4.993506669998168945e-01
-5.714090466499328613e-01
-5.246337056159973145e-01
-5.633980631828308105e-01
-5.642529726028442383e-01
-5.746281743049621582e-01
-5.305238366127014160e-01
-5.662951469421386719e-01
-5.495877861976623535e-01
-5.513720512390136719e-01
-5.803272128105163574e-01
-6.400307416915893555e-01
-6.617731451988220215e-01
-6.511622667312622070e-01
-6.282051801681518555e-01
-6.193150281906127930e-01
-6.178497672080993652e-01
-6.141523122787475586e-01
-6.382944583892822266e-01
-6.429082155227661133e-01
-6.689900755882263184e-01
-7.215936779975891113e-01
-7.316952943801879883e-01
-7.562353610992431641e-01
-7.737588286399841309e-01
-8.524644970893859863e-01
-9.046440720558166504e-01
-9.637095332145690918e-01
-1.018768668174743652e+00
-1.047061681747436523e+00
-1.098321080207824707e+00
-1.050246477127075195e+00
-1.112085461616516113e+00
-1.124242663383483887e+00
-1.109983444213867188e+00
-1.112608432769775391e+00
-1.123030900955200195e+00
-1.179595470428466797e+00
-1.175817847251892090e+00
-1.182136416435241699e+00
-1.154683470726013184e+00
-1.227342724800109863e+00
-1.203469395637512207e+00
-1.183515787124633789e+00
-1.198127031326293945e+00
-1.257709145545959473e+00
-1.232307791709899902e+00
-1.285053968429565430e+00
-1.272699594497680664e+00
-1.276870846748352051e+00
-1.263153314590454102e+00
-1.236751556396484375e+00
-1.233578562736511230e+00
-1.260419368743896484e+00
-1.297675132751464844e+00
-1.241419196128845215e+00
-1.284159898757934570e+00
-1.289667606353759766e+00
-1.264674186706542969e+00
-1.263307690620422363e+00
-1.329275131225585938e+00
-1.201163053512573242e+00
-1.065775394439697266e+00
-1.155309677124023438e+00
-1.123393654823303223e+00
-1.067178606986999512e+00
-1.102368593215942383e+00
-1.051829576492309570e+00
-1.029044866561889648e+00
-1.028436541557312012e+00
-1.022324800491333008e+00
-9.267494678497314453e-01
-9.105194807052612305e-01
-9.005949497222900391e-01
-8.650828003883361816e-01
-8.762174844741821289e-01
-9.448185563087463379e-01
-9.550945758819580078e-01
-9.554295539855957031e-01
-9.781070351600646973e-01
-9.137715697288513184e-01
-9.554895758628845215e-01
-9.038543105125427246e-01
-9.028069376945495605e-01
-9.112698435783386230e-01
-9.670616984367370605e-01
-9.456152319908142090e-01
-9.137631654739379883e-01
-9.346376657485961914e-01
-9.660902619361877441e-01
-1.004641532897949219e+00
-1.063016414642333984e+00
-1.074862837791442871e+00
-1.139911413192749023e+00
-1.093390226364135742e+00
-1.066027283668518066e+00
-1.110582590103149414e+00
-1.144252300262451172e+00
-1.101959347724914551e+00
-1.092432022094726562e+00
-1.178535342216491699e+00
-1.106862306594848633e+00
-1.140055656433105469e+00
-1.174524903297424316e+00
-1.083041191101074219e+00
-1.144936680793762207e+00
-1.196077227592468262e+00
-1.217689871788024902e+00
-1.231339454650878906e+00
-1.181147813796997070e+00
-1.153403043746948242e+00
-1.166150927543640137e+00
-1.174267411231994629e+00
-1.165321707725524902e+00
-1.180387377738952637e+00
-1.172823190689086914e+00
-1.164283871650695801e+00
-1.240179896354675293e+00
-1.251668810844421387e+00
-1.208328723907470703e+00
-1.185191988945007324e+00
-1.238487124443054199e+00
-1.307092785835266113e+00
-1.334600925445556641e+00
-1.381568431854248047e+00
-1.330802202224731445e+00
-1.352193117141723633e+00
-1.357748270034790039e+00
-1.395920276641845703e+00
-1.380560398101806641e+00
-1.402742505073547363e+00
-1.411332607269287109e+00
-1.406585335731506348e+00
-9.817871451377868652e-01
-9.742251634597778320e-01
-1.020950198173522949e+00
-9.852422475814819336e-01
-9.997591972351074219e-01
-1.024790048599243164e+00
-1.039111852645874023e+00
-1.065945863723754883e+00
-1.068006038665771484e+00
-1.064883470535278320e+00
-1.052158474922180176e+00
-1.017648339271545410e+00
-9.810601472854614258e-01
-9.585043787956237793e-01
-9.269936680793762207e-01
-9.080537557601928711e-01
-8.457894921302795410e-01
-8.024160861968994141e-01
-7.981435060501098633e-01
-7.588465213775634766e-01
-7.006111145019531250e-01
-6.312211155891418457e-01
-5.017623901367187500e-01
-2.957796454429626465e-01
2.034735232591629028e-01
4.914552569389343262e-01
6.649677157402038574e-01
7.850360274314880371e-01
9.106914997100830078e-01
9.824398756027221680e-01
1.059086441993713379e+00
1.099193692207336426e+00
1.153759956359863281e+00
1.167742848396301270e+00
1.202561378479003906e+00
1.262873053550720215e+00
1.325066089630126953e+00
1.331548690795898438e+00
1.331692934036254883e+00
1.310723423957824707e+00
1.115320563316345215e+00
1.052650094032287598e+00
1.145052194595336914e+00
1.152691483497619629e+00
1.112331986427307129e+00
1.101356148719787598e+00
1.183722853660583496e+00
1.283791065216064453e+00
1.268039703369140625e+00
1.286013007164001465e+00
1.324533581733703613e+00
1.313007950782775879e+00
1.309757113456726074e+00
1.254185438156127930e+00
1.107256770133972168e+00
9.634626507759094238e-01
9.739981293678283691e-01
1.017356038093566895e+00
1.031554460525512695e+00
9.640166163444519043e-01
9.551147222518920898e-01
9.376041889190673828e-01
8.407710790634155273e-01
8.198851346969604492e-01
8.198087215423583984e-01
8.202598094940185547e-01
7.481939196586608887e-01
7.954644560813903809e-01
7.166090607643127441e-01
6.829940080642700195e-01
6.415868997573852539e-01
5.461012721061706543e-01
4.504203796386718750e-01
4.758336246013641357e-01
6.082567572593688965e-01
6.378802061080932617e-01
5.895157456398010254e-01
5.764980912208557129e-01
5.743220448493957520e-01
5.705078840255737305e-01
5.492842197418212891e-01
5.540151596069335938e-01
5.205833911895751953e-01
5.102975964546203613e-01
3.608099520206451416e-01
3.017201721668243408e-01
1.670553833246231079e-01
-3.803998231887817383e-03
-6.004159152507781982e-02
-8.724421262741088867e-03
-2.399738878011703491e-03
-1.147164404392242432e-02
-1.570789143443107605e-02
-1.275205612182617188e-02
-4.312786459922790527e-02
-7.485061883926391602e-02
